\BOOKMARK [1][-]{section.0.1}{\376\377\137\025\212\000}{}% 1
\BOOKMARK [1][-]{section.0.2}{\376\377\124\016\124\021\123\357\217\276\226\306\166\204\145\160\133\146\133\232\116\111}{}% 2
\BOOKMARK [2][-]{subsection.0.2.1}{\376\377\227\136\176\277\140\047\143\247\122\066\174\373\176\337\122\250\122\233\133\146}{section.0.2}% 3
\BOOKMARK [2][-]{subsection.0.2.2}{\376\377\124\016\124\021\123\357\217\276\226\306\166\204\116\045\150\074\133\232\116\111}{section.0.2}% 4
\BOOKMARK [1][-]{section.0.3}{\376\377\124\016\124\021\123\357\217\276\226\306\116\016\147\000\117\030\123\026\143\247\122\066\166\204\200\124\174\373}{}% 5
\BOOKMARK [2][-]{subsection.0.3.1}{\376\377\225\356\230\230\166\204\173\111\116\367\221\315\217\360}{section.0.3}% 6
\BOOKMARK [2][-]{subsection.0.3.2}{\376\377\120\074\121\375\145\160\166\204\147\204\220\040}{section.0.3}% 7
\BOOKMARK [2][-]{subsection.0.3.3}{\376\377\133\130\127\050\140\047\116\016\120\074\121\375\145\160\173\046\123\367\166\204\173\111\116\367}{section.0.3}% 8
\BOOKMARK [2][-]{subsection.0.3.4}{\376\377\116\016\154\064\136\163\226\306\121\375\145\160\000\040\000\040\166\204\116\000\201\364\140\047}{section.0.3}% 9
\BOOKMARK [2][-]{subsection.0.3.5}{\376\377\147\054\202\202\134\017\176\323}{section.0.3}% 10
\BOOKMARK [1][-]{section.0.4}{\376\377\143\250\133\374\000H\000a\000m\000i\000l\000t\000o\000n\040\024\000J\000a\000c\000o\000b\000i\000\040\145\271\172\013}{}% 11
\BOOKMARK [2][-]{subsection.0.4.1}{\376\377\122\250\140\001\211\304\122\022\123\237\164\006\116\016\220\022\137\122\121\163\174\373}{section.0.4}% 12
\BOOKMARK [2][-]{subsection.0.4.2}{\376\377\120\074\121\375\145\160\154\277\147\000\147\011\122\051\145\271\124\021\166\204\167\254\145\366\123\330\123\026\163\207\377\010\162\151\164\006\166\364\211\311\377\011}{section.0.4}% 13
\BOOKMARK [2][-]{subsection.0.4.3}{\376\377\000D\000P\000P\116\016\171\273\145\143\145\366\225\364\220\022\143\250\121\163\174\373}{section.0.4}% 14
\BOOKMARK [2][-]{subsection.0.4.4}{\376\377\116\316\171\273\145\143\122\060\217\336\176\355\377\032\145\340\172\167\134\017\147\201\226\120\116\016\116\044\171\315\157\024\123\026\152\041\137\017}{section.0.4}% 15
\BOOKMARK [2][-]{subsection.0.4.5}{\376\377\000H\000J\000\040\145\271\172\013\166\204\147\000\176\310\137\142\137\017}{section.0.4}% 16
\BOOKMARK [2][-]{subsection.0.4.6}{\376\377\147\054\202\202\134\017\176\323}{section.0.4}% 17
\BOOKMARK [1][-]{section.0.5}{\376\377\136\070\211\301\126\360\140\321\116\016\157\204\156\005}{}% 18
\BOOKMARK [2][-]{subsection.0.5.1}{\376\377\116\072\116\300\116\110\000H\000a\000m\000i\000l\000t\000o\000n\000i\000a\000n\211\201\213\241\173\227\000u\137\025\215\167\166\204\147\201\134\017\120\074}{section.0.5}% 19
\BOOKMARK [2][-]{subsection.0.5.2}{\376\377\116\072\116\300\116\110\117\032\121\372\163\260\131\026\134\102\166\204\000\050\0000\000,\000H\000\051}{section.0.5}% 20
\BOOKMARK [2][-]{subsection.0.5.3}{\376\377\116\072\116\300\116\110\145\366\225\364\123\315\124\021}{section.0.5}% 21
\BOOKMARK [1][-]{section.0.6}{\376\377\140\073\176\323}{}% 22
